
=== 1. Duplicate .meta GUIDs ===
PASS: no duplicate GUIDs.

=== 2. LFS pointer runtime plugins/models ===
PASS: no runtime plugins/models are LFS pointers — RUNTIME-PRESENT MODE.

=== 2b. LFS pointer runtime visuals ===
PASS: no runtime visual assets are LFS pointers.

=== 3. Missing .meta under Assets (non-hidden) ===
PASS: every non-hidden Asset file has a .meta on disk.

=== 3b. Tracked asset whose .meta is untracked ===
PASS: every tracked asset has a tracked .meta.

=== 3c. Tracked .meta whose asset is gitignored ===
PASS: no tracked .meta points at a gitignored asset.

=== 4. Orphan .meta under Assets ===
PASS: no orphan .meta (excluding gitignored-asset metas).

=== 5. Source hygiene counts (informational) ===
  legacy UnityEngine.Input call sites : 25   (EMB-015)
  PlayerPrefs usages                  : 24   (EMB-011)
  Task.Run sites                      : 19   (EMB-007/018)
  sync .GetAwaiter().GetResult() sites: 6   (EMB-018)

=== 6. Determinism boundary (Domain + Data/Save authoritative tiers) ===
PASS: no DateTime.Now/UtcNow or UnityEngine.Random in Domain or Data/Save.

=== RESULT ===
static-audit PASS
